<?xml version="1.0" encoding="UTF-8"?>
<testng-results skipped="1" failed="0" ignored="0" total="2" passed="1">
  <reporter-output>
  </reporter-output>
  <suite name="Default suite" duration-ms="68116" started-at="2020-02-26T04:12:40Z" finished-at="2020-02-26T04:13:48Z">
    <groups>
    </groups>
    <test name="Default test" duration-ms="68116" started-at="2020-02-26T04:12:40Z" finished-at="2020-02-26T04:13:48Z">
      <class name="pGTestCases.checkCreditCardTest">
        <test-method status="PASS" signature="setUp()[pri:0, instance:pGTestCases.checkCreditCardTest@7c7811]" name="setUp" is-config="true" duration-ms="48433" started-at="2020-02-26T04:12:44Z" finished-at="2020-02-26T04:13:32Z">
          <reporter-output>
          </reporter-output>
        </test-method> <!-- setUp -->
        <test-method status="PASS" signature="checkCreditCardLimit(java.lang.String)[pri:0, instance:pGTestCases.checkCreditCardTest@7c7811]" name="checkCreditCardLimit" duration-ms="2903" started-at="2020-02-26T04:13:32Z" data-provider="getData" finished-at="2020-02-26T04:13:35Z">
          <params>
            <param index="0">
              <value>
                <![CDATA[4514459060065595]]>
              </value>
            </param>
          </params>
          <reporter-output>
          </reporter-output>
        </test-method> <!-- checkCreditCardLimit -->
        <test-method status="PASS" signature="tearDown()[pri:0, instance:pGTestCases.checkCreditCardTest@7c7811]" name="tearDown" is-config="true" duration-ms="1" started-at="2020-02-26T04:13:35Z" finished-at="2020-02-26T04:13:35Z">
          <reporter-output>
          </reporter-output>
        </test-method> <!-- tearDown -->
        <test-method status="FAIL" signature="setUp()[pri:0, instance:pGTestCases.checkCreditCardTest@7c7811]" name="setUp" is-config="true" duration-ms="12655" started-at="2020-02-26T04:13:35Z" finished-at="2020-02-26T04:13:48Z">
          <exception class="org.openqa.selenium.SessionNotCreatedException">
            <message>
              <![CDATA[session not created
from disconnected: Unable to receive message from renderer
  (Session info: chrome=79.0.3945.130)
Build info: version: '3.141.59', revision: 'e82be7d358', time: '2018-11-14T08:17:03'
System info: host: 'GHILDIYAL-PC', ip: '192.168.43.169', os.name: 'Windows 7', os.arch: 'x86', os.version: '6.1', java.version: '1.8.0_201'
Driver info: driver.version: ChromeDriver
remote stacktrace: Backtrace:
Ordinal0 [0x00C5A113+1548563]
Ordinal0 [0x00BDDDA1+1039777]
Ordinal0 [0x00B5E485+517253]
Ordinal0 [0x00B565F7+484855]
Ordinal0 [0x00B55D33+482611]
Ordinal0 [0x00B55E75+482933]
Ordinal0 [0x00B559B5+481717]
Ordinal0 [0x00B5D1E5+512485]
Ordinal0 [0x00B55968+481640]
Ordinal0 [0x00B5628B+483979]
Ordinal0 [0x00B55D33+482611]
Ordinal0 [0x00B55E75+482933]
Ordinal0 [0x00B559B5+481717]
Ordinal0 [0x00B5BB0E+506638]
Ordinal0 [0x00B55968+481640]
Ordinal0 [0x00B5628B+483979]
Ordinal0 [0x00B55D33+482611]
Ordinal0 [0x00B55E75+482933]
Ordinal0 [0x00B559B5+481717]
Ordinal0 [0x00B5A37C+500604]
Ordinal0 [0x00B55968+481640]
Ordinal0 [0x00B5628B+483979]
Ordinal0 [0x00B55D33+482611]
Ordinal0 [0x00B55E75+482933]
Ordinal0 [0x00B559B5+481717]
Ordinal0 [0x00B59A17+498199]
Ordinal0 [0x00B55968+481640]
Ordinal0 [0x00B5628B+483979]
Ordinal0 [0x00B55D33+482611]
Ordinal0 [0x00B55E75+482933]
Ordinal0 [0x00B559B5+481717]
Ordinal0 [0x00B5256C+468332]
Ordinal0 [0x00B55968+481640]
Ordinal0 [0x00B55844+481348]
Ordinal0 [0x00B5F0D0+520400]
Ordinal0 [0x00B0C030+180272]
Ordinal0 [0x00B0B59D+177565]
Ordinal0 [0x00B095FB+169467]
Ordinal0 [0x00AF160A+71178]
Ordinal0 [0x00AF2690+75408]
Ordinal0 [0x00AF2629+75305]
Ordinal0 [0x00BF71B7+1143223]
GetHandleVerifier [0x00CF2B46+507814]
GetHandleVerifier [0x00CF2864+507076]
GetHandleVerifier [0x00CF9F47+537511]
GetHandleVerifier [0x00CF3402+510050]
Ordinal0 [0x00BEF29C+1110684]
Ordinal0 [0x00BF938B+1151883]
Ordinal0 [0x00BF94F3+1152243]
Ordinal0 [0x00BF83F5+1147893]
BaseThreadInitThunk [0x76D1EF3C+18]
RtlInitializeExceptionChain [0x77A1360C+239]
RtlInitializeExceptionChain [0x77A135DF+194]
]]>
            </message>
            <full-stacktrace>
              <![CDATA[org.openqa.selenium.SessionNotCreatedException: session not created
from disconnected: Unable to receive message from renderer
  (Session info: chrome=79.0.3945.130)
Build info: version: '3.141.59', revision: 'e82be7d358', time: '2018-11-14T08:17:03'
System info: host: 'GHILDIYAL-PC', ip: '192.168.43.169', os.name: 'Windows 7', os.arch: 'x86', os.version: '6.1', java.version: '1.8.0_201'
Driver info: driver.version: ChromeDriver
remote stacktrace: Backtrace:
Ordinal0 [0x00C5A113+1548563]
Ordinal0 [0x00BDDDA1+1039777]
Ordinal0 [0x00B5E485+517253]
Ordinal0 [0x00B565F7+484855]
Ordinal0 [0x00B55D33+482611]
Ordinal0 [0x00B55E75+482933]
Ordinal0 [0x00B559B5+481717]
Ordinal0 [0x00B5D1E5+512485]
Ordinal0 [0x00B55968+481640]
Ordinal0 [0x00B5628B+483979]
Ordinal0 [0x00B55D33+482611]
Ordinal0 [0x00B55E75+482933]
Ordinal0 [0x00B559B5+481717]
Ordinal0 [0x00B5BB0E+506638]
Ordinal0 [0x00B55968+481640]
Ordinal0 [0x00B5628B+483979]
Ordinal0 [0x00B55D33+482611]
Ordinal0 [0x00B55E75+482933]
Ordinal0 [0x00B559B5+481717]
Ordinal0 [0x00B5A37C+500604]
Ordinal0 [0x00B55968+481640]
Ordinal0 [0x00B5628B+483979]
Ordinal0 [0x00B55D33+482611]
Ordinal0 [0x00B55E75+482933]
Ordinal0 [0x00B559B5+481717]
Ordinal0 [0x00B59A17+498199]
Ordinal0 [0x00B55968+481640]
Ordinal0 [0x00B5628B+483979]
Ordinal0 [0x00B55D33+482611]
Ordinal0 [0x00B55E75+482933]
Ordinal0 [0x00B559B5+481717]
Ordinal0 [0x00B5256C+468332]
Ordinal0 [0x00B55968+481640]
Ordinal0 [0x00B55844+481348]
Ordinal0 [0x00B5F0D0+520400]
Ordinal0 [0x00B0C030+180272]
Ordinal0 [0x00B0B59D+177565]
Ordinal0 [0x00B095FB+169467]
Ordinal0 [0x00AF160A+71178]
Ordinal0 [0x00AF2690+75408]
Ordinal0 [0x00AF2629+75305]
Ordinal0 [0x00BF71B7+1143223]
GetHandleVerifier [0x00CF2B46+507814]
GetHandleVerifier [0x00CF2864+507076]
GetHandleVerifier [0x00CF9F47+537511]
GetHandleVerifier [0x00CF3402+510050]
Ordinal0 [0x00BEF29C+1110684]
Ordinal0 [0x00BF938B+1151883]
Ordinal0 [0x00BF94F3+1152243]
Ordinal0 [0x00BF83F5+1147893]
BaseThreadInitThunk [0x76D1EF3C+18]
RtlInitializeExceptionChain [0x77A1360C+239]
RtlInitializeExceptionChain [0x77A135DF+194]

at sun.reflect.NativeConstructorAccessorImpl.newInstance0(Native Method)
at sun.reflect.NativeConstructorAccessorImpl.newInstance(Unknown Source)
at sun.reflect.DelegatingConstructorAccessorImpl.newInstance(Unknown Source)
at java.lang.reflect.Constructor.newInstance(Unknown Source)
at org.openqa.selenium.remote.W3CHandshakeResponse.lambda$errorHandler$0(W3CHandshakeResponse.java:62)
at org.openqa.selenium.remote.HandshakeResponse.lambda$getResponseFunction$0(HandshakeResponse.java:30)
at org.openqa.selenium.remote.ProtocolHandshake.lambda$createSession$0(ProtocolHandshake.java:126)
at java.util.stream.ReferencePipeline$3$1.accept(Unknown Source)
at java.util.Spliterators$ArraySpliterator.tryAdvance(Unknown Source)
at java.util.stream.ReferencePipeline.forEachWithCancel(Unknown Source)
at java.util.stream.AbstractPipeline.copyIntoWithCancel(Unknown Source)
at java.util.stream.AbstractPipeline.copyInto(Unknown Source)
at java.util.stream.AbstractPipeline.wrapAndCopyInto(Unknown Source)
at java.util.stream.FindOps$FindOp.evaluateSequential(Unknown Source)
at java.util.stream.AbstractPipeline.evaluate(Unknown Source)
at java.util.stream.ReferencePipeline.findFirst(Unknown Source)
at org.openqa.selenium.remote.ProtocolHandshake.createSession(ProtocolHandshake.java:128)
at org.openqa.selenium.remote.ProtocolHandshake.createSession(ProtocolHandshake.java:74)
at org.openqa.selenium.remote.HttpCommandExecutor.execute(HttpCommandExecutor.java:136)
at org.openqa.selenium.remote.service.DriverCommandExecutor.execute(DriverCommandExecutor.java:83)
at org.openqa.selenium.remote.RemoteWebDriver.execute(RemoteWebDriver.java:552)
at org.openqa.selenium.remote.RemoteWebDriver.startSession(RemoteWebDriver.java:213)
at org.openqa.selenium.remote.RemoteWebDriver.<init>(RemoteWebDriver.java:131)
at org.openqa.selenium.chrome.ChromeDriver.<init>(ChromeDriver.java:181)
at org.openqa.selenium.chrome.ChromeDriver.<init>(ChromeDriver.java:168)
at org.openqa.selenium.chrome.ChromeDriver.<init>(ChromeDriver.java:123)
at pGBaseClass.BaseClass1.initilization(BaseClass1.java:48)
at pGTestCases.checkCreditCardTest.setUp(checkCreditCardTest.java:29)
at sun.reflect.NativeMethodAccessorImpl.invoke0(Native Method)
at sun.reflect.NativeMethodAccessorImpl.invoke(Unknown Source)
at sun.reflect.DelegatingMethodAccessorImpl.invoke(Unknown Source)
at java.lang.reflect.Method.invoke(Unknown Source)
at org.testng.internal.MethodInvocationHelper.invokeMethod(MethodInvocationHelper.java:124)
at org.testng.internal.MethodInvocationHelper.invokeMethodConsideringTimeout(MethodInvocationHelper.java:59)
at org.testng.internal.Invoker.invokeConfigurationMethod(Invoker.java:458)
at org.testng.internal.Invoker.invokeConfigurations(Invoker.java:222)
at org.testng.internal.Invoker.invokeMethod(Invoker.java:523)
at org.testng.internal.Invoker.invokeTestMethod(Invoker.java:719)
at org.testng.internal.Invoker.invokeTestMethods(Invoker.java:989)
at org.testng.internal.TestMethodWorker.invokeTestMethods(TestMethodWorker.java:125)
at org.testng.internal.TestMethodWorker.run(TestMethodWorker.java:109)
at org.testng.TestRunner.privateRun(TestRunner.java:648)
at org.testng.TestRunner.run(TestRunner.java:505)
at org.testng.SuiteRunner.runTest(SuiteRunner.java:455)
at org.testng.SuiteRunner.runSequentially(SuiteRunner.java:450)
at org.testng.SuiteRunner.privateRun(SuiteRunner.java:415)
at org.testng.SuiteRunner.run(SuiteRunner.java:364)
at org.testng.SuiteRunnerWorker.runSuite(SuiteRunnerWorker.java:52)
at org.testng.SuiteRunnerWorker.run(SuiteRunnerWorker.java:84)
at org.testng.TestNG.runSuitesSequentially(TestNG.java:1208)
at org.testng.TestNG.runSuitesLocally(TestNG.java:1137)
at org.testng.TestNG.runSuites(TestNG.java:1049)
at org.testng.TestNG.run(TestNG.java:1017)
at org.testng.remote.AbstractRemoteTestNG.run(AbstractRemoteTestNG.java:114)
at org.testng.remote.RemoteTestNG.initAndRun(RemoteTestNG.java:251)
at org.testng.remote.RemoteTestNG.main(RemoteTestNG.java:77)
]]>
            </full-stacktrace>
          </exception> <!-- org.openqa.selenium.SessionNotCreatedException -->
          <reporter-output>
          </reporter-output>
        </test-method> <!-- setUp -->
        <test-method status="SKIP" signature="checkCreditCardLimit(java.lang.String)[pri:0, instance:pGTestCases.checkCreditCardTest@7c7811]" name="checkCreditCardLimit" duration-ms="0" started-at="2020-02-26T04:13:48Z" data-provider="getData" finished-at="2020-02-26T04:13:48Z">
          <exception class="org.openqa.selenium.SessionNotCreatedException">
            <message>
              <![CDATA[session not created
from disconnected: Unable to receive message from renderer
  (Session info: chrome=79.0.3945.130)
Build info: version: '3.141.59', revision: 'e82be7d358', time: '2018-11-14T08:17:03'
System info: host: 'GHILDIYAL-PC', ip: '192.168.43.169', os.name: 'Windows 7', os.arch: 'x86', os.version: '6.1', java.version: '1.8.0_201'
Driver info: driver.version: ChromeDriver
remote stacktrace: Backtrace:
Ordinal0 [0x00C5A113+1548563]
Ordinal0 [0x00BDDDA1+1039777]
Ordinal0 [0x00B5E485+517253]
Ordinal0 [0x00B565F7+484855]
Ordinal0 [0x00B55D33+482611]
Ordinal0 [0x00B55E75+482933]
Ordinal0 [0x00B559B5+481717]
Ordinal0 [0x00B5D1E5+512485]
Ordinal0 [0x00B55968+481640]
Ordinal0 [0x00B5628B+483979]
Ordinal0 [0x00B55D33+482611]
Ordinal0 [0x00B55E75+482933]
Ordinal0 [0x00B559B5+481717]
Ordinal0 [0x00B5BB0E+506638]
Ordinal0 [0x00B55968+481640]
Ordinal0 [0x00B5628B+483979]
Ordinal0 [0x00B55D33+482611]
Ordinal0 [0x00B55E75+482933]
Ordinal0 [0x00B559B5+481717]
Ordinal0 [0x00B5A37C+500604]
Ordinal0 [0x00B55968+481640]
Ordinal0 [0x00B5628B+483979]
Ordinal0 [0x00B55D33+482611]
Ordinal0 [0x00B55E75+482933]
Ordinal0 [0x00B559B5+481717]
Ordinal0 [0x00B59A17+498199]
Ordinal0 [0x00B55968+481640]
Ordinal0 [0x00B5628B+483979]
Ordinal0 [0x00B55D33+482611]
Ordinal0 [0x00B55E75+482933]
Ordinal0 [0x00B559B5+481717]
Ordinal0 [0x00B5256C+468332]
Ordinal0 [0x00B55968+481640]
Ordinal0 [0x00B55844+481348]
Ordinal0 [0x00B5F0D0+520400]
Ordinal0 [0x00B0C030+180272]
Ordinal0 [0x00B0B59D+177565]
Ordinal0 [0x00B095FB+169467]
Ordinal0 [0x00AF160A+71178]
Ordinal0 [0x00AF2690+75408]
Ordinal0 [0x00AF2629+75305]
Ordinal0 [0x00BF71B7+1143223]
GetHandleVerifier [0x00CF2B46+507814]
GetHandleVerifier [0x00CF2864+507076]
GetHandleVerifier [0x00CF9F47+537511]
GetHandleVerifier [0x00CF3402+510050]
Ordinal0 [0x00BEF29C+1110684]
Ordinal0 [0x00BF938B+1151883]
Ordinal0 [0x00BF94F3+1152243]
Ordinal0 [0x00BF83F5+1147893]
BaseThreadInitThunk [0x76D1EF3C+18]
RtlInitializeExceptionChain [0x77A1360C+239]
RtlInitializeExceptionChain [0x77A135DF+194]
]]>
            </message>
            <full-stacktrace>
              <![CDATA[org.openqa.selenium.SessionNotCreatedException: session not created
from disconnected: Unable to receive message from renderer
  (Session info: chrome=79.0.3945.130)
Build info: version: '3.141.59', revision: 'e82be7d358', time: '2018-11-14T08:17:03'
System info: host: 'GHILDIYAL-PC', ip: '192.168.43.169', os.name: 'Windows 7', os.arch: 'x86', os.version: '6.1', java.version: '1.8.0_201'
Driver info: driver.version: ChromeDriver
remote stacktrace: Backtrace:
Ordinal0 [0x00C5A113+1548563]
Ordinal0 [0x00BDDDA1+1039777]
Ordinal0 [0x00B5E485+517253]
Ordinal0 [0x00B565F7+484855]
Ordinal0 [0x00B55D33+482611]
Ordinal0 [0x00B55E75+482933]
Ordinal0 [0x00B559B5+481717]
Ordinal0 [0x00B5D1E5+512485]
Ordinal0 [0x00B55968+481640]
Ordinal0 [0x00B5628B+483979]
Ordinal0 [0x00B55D33+482611]
Ordinal0 [0x00B55E75+482933]
Ordinal0 [0x00B559B5+481717]
Ordinal0 [0x00B5BB0E+506638]
Ordinal0 [0x00B55968+481640]
Ordinal0 [0x00B5628B+483979]
Ordinal0 [0x00B55D33+482611]
Ordinal0 [0x00B55E75+482933]
Ordinal0 [0x00B559B5+481717]
Ordinal0 [0x00B5A37C+500604]
Ordinal0 [0x00B55968+481640]
Ordinal0 [0x00B5628B+483979]
Ordinal0 [0x00B55D33+482611]
Ordinal0 [0x00B55E75+482933]
Ordinal0 [0x00B559B5+481717]
Ordinal0 [0x00B59A17+498199]
Ordinal0 [0x00B55968+481640]
Ordinal0 [0x00B5628B+483979]
Ordinal0 [0x00B55D33+482611]
Ordinal0 [0x00B55E75+482933]
Ordinal0 [0x00B559B5+481717]
Ordinal0 [0x00B5256C+468332]
Ordinal0 [0x00B55968+481640]
Ordinal0 [0x00B55844+481348]
Ordinal0 [0x00B5F0D0+520400]
Ordinal0 [0x00B0C030+180272]
Ordinal0 [0x00B0B59D+177565]
Ordinal0 [0x00B095FB+169467]
Ordinal0 [0x00AF160A+71178]
Ordinal0 [0x00AF2690+75408]
Ordinal0 [0x00AF2629+75305]
Ordinal0 [0x00BF71B7+1143223]
GetHandleVerifier [0x00CF2B46+507814]
GetHandleVerifier [0x00CF2864+507076]
GetHandleVerifier [0x00CF9F47+537511]
GetHandleVerifier [0x00CF3402+510050]
Ordinal0 [0x00BEF29C+1110684]
Ordinal0 [0x00BF938B+1151883]
Ordinal0 [0x00BF94F3+1152243]
Ordinal0 [0x00BF83F5+1147893]
BaseThreadInitThunk [0x76D1EF3C+18]
RtlInitializeExceptionChain [0x77A1360C+239]
RtlInitializeExceptionChain [0x77A135DF+194]

at sun.reflect.NativeConstructorAccessorImpl.newInstance0(Native Method)
at sun.reflect.NativeConstructorAccessorImpl.newInstance(Unknown Source)
at sun.reflect.DelegatingConstructorAccessorImpl.newInstance(Unknown Source)
at java.lang.reflect.Constructor.newInstance(Unknown Source)
at org.openqa.selenium.remote.W3CHandshakeResponse.lambda$errorHandler$0(W3CHandshakeResponse.java:62)
at org.openqa.selenium.remote.HandshakeResponse.lambda$getResponseFunction$0(HandshakeResponse.java:30)
at org.openqa.selenium.remote.ProtocolHandshake.lambda$createSession$0(ProtocolHandshake.java:126)
at java.util.stream.ReferencePipeline$3$1.accept(Unknown Source)
at java.util.Spliterators$ArraySpliterator.tryAdvance(Unknown Source)
at java.util.stream.ReferencePipeline.forEachWithCancel(Unknown Source)
at java.util.stream.AbstractPipeline.copyIntoWithCancel(Unknown Source)
at java.util.stream.AbstractPipeline.copyInto(Unknown Source)
at java.util.stream.AbstractPipeline.wrapAndCopyInto(Unknown Source)
at java.util.stream.FindOps$FindOp.evaluateSequential(Unknown Source)
at java.util.stream.AbstractPipeline.evaluate(Unknown Source)
at java.util.stream.ReferencePipeline.findFirst(Unknown Source)
at org.openqa.selenium.remote.ProtocolHandshake.createSession(ProtocolHandshake.java:128)
at org.openqa.selenium.remote.ProtocolHandshake.createSession(ProtocolHandshake.java:74)
at org.openqa.selenium.remote.HttpCommandExecutor.execute(HttpCommandExecutor.java:136)
at org.openqa.selenium.remote.service.DriverCommandExecutor.execute(DriverCommandExecutor.java:83)
at org.openqa.selenium.remote.RemoteWebDriver.execute(RemoteWebDriver.java:552)
at org.openqa.selenium.remote.RemoteWebDriver.startSession(RemoteWebDriver.java:213)
at org.openqa.selenium.remote.RemoteWebDriver.<init>(RemoteWebDriver.java:131)
at org.openqa.selenium.chrome.ChromeDriver.<init>(ChromeDriver.java:181)
at org.openqa.selenium.chrome.ChromeDriver.<init>(ChromeDriver.java:168)
at org.openqa.selenium.chrome.ChromeDriver.<init>(ChromeDriver.java:123)
at pGBaseClass.BaseClass1.initilization(BaseClass1.java:48)
at pGTestCases.checkCreditCardTest.setUp(checkCreditCardTest.java:29)
at sun.reflect.NativeMethodAccessorImpl.invoke0(Native Method)
at sun.reflect.NativeMethodAccessorImpl.invoke(Unknown Source)
at sun.reflect.DelegatingMethodAccessorImpl.invoke(Unknown Source)
at java.lang.reflect.Method.invoke(Unknown Source)
at org.testng.internal.MethodInvocationHelper.invokeMethod(MethodInvocationHelper.java:124)
at org.testng.internal.MethodInvocationHelper.invokeMethodConsideringTimeout(MethodInvocationHelper.java:59)
at org.testng.internal.Invoker.invokeConfigurationMethod(Invoker.java:458)
at org.testng.internal.Invoker.invokeConfigurations(Invoker.java:222)
at org.testng.internal.Invoker.invokeMethod(Invoker.java:523)
at org.testng.internal.Invoker.invokeTestMethod(Invoker.java:719)
at org.testng.internal.Invoker.invokeTestMethods(Invoker.java:989)
at org.testng.internal.TestMethodWorker.invokeTestMethods(TestMethodWorker.java:125)
at org.testng.internal.TestMethodWorker.run(TestMethodWorker.java:109)
at org.testng.TestRunner.privateRun(TestRunner.java:648)
at org.testng.TestRunner.run(TestRunner.java:505)
at org.testng.SuiteRunner.runTest(SuiteRunner.java:455)
at org.testng.SuiteRunner.runSequentially(SuiteRunner.java:450)
at org.testng.SuiteRunner.privateRun(SuiteRunner.java:415)
at org.testng.SuiteRunner.run(SuiteRunner.java:364)
at org.testng.SuiteRunnerWorker.runSuite(SuiteRunnerWorker.java:52)
at org.testng.SuiteRunnerWorker.run(SuiteRunnerWorker.java:84)
at org.testng.TestNG.runSuitesSequentially(TestNG.java:1208)
at org.testng.TestNG.runSuitesLocally(TestNG.java:1137)
at org.testng.TestNG.runSuites(TestNG.java:1049)
at org.testng.TestNG.run(TestNG.java:1017)
at org.testng.remote.AbstractRemoteTestNG.run(AbstractRemoteTestNG.java:114)
at org.testng.remote.RemoteTestNG.initAndRun(RemoteTestNG.java:251)
at org.testng.remote.RemoteTestNG.main(RemoteTestNG.java:77)
]]>
            </full-stacktrace>
          </exception> <!-- org.openqa.selenium.SessionNotCreatedException -->
          <reporter-output>
          </reporter-output>
        </test-method> <!-- checkCreditCardLimit -->
        <test-method status="SKIP" signature="tearDown()[pri:0, instance:pGTestCases.checkCreditCardTest@7c7811]" name="tearDown" is-config="true" duration-ms="0" started-at="2020-02-26T04:13:48Z" finished-at="2020-02-26T04:13:48Z">
          <reporter-output>
          </reporter-output>
        </test-method> <!-- tearDown -->
      </class> <!-- pGTestCases.checkCreditCardTest -->
    </test> <!-- Default test -->
  </suite> <!-- Default suite -->
</testng-results>
